<?xml version="1.0" encoding="UTF-8"?>
<!-- Generated by org.testng.reporters.JUnitReportReporter -->
<testsuite hostname="Andha13" name="calculator_AndersHansson.calculator_AndersHansson.TestOfBasicOperations" tests="12" failures="0" timestamp="12 Dec 2018 13:52:53 GMT" time="0.075" errors="0">
  <testcase name="testDivisionZerosNumbers" time="0.009" classname="calculator_AndersHansson.calculator_AndersHansson.TestOfBasicOperations"/>
  <testcase name="testDivisionPositiveNumbers" time="0.004" classname="calculator_AndersHansson.calculator_AndersHansson.TestOfBasicOperations"/>
  <testcase name="testMultiplicationZerosNumbers" time="0.008" classname="calculator_AndersHansson.calculator_AndersHansson.TestOfBasicOperations"/>
  <testcase name="testSubtractionNegativeNumbers" time="0.004" classname="calculator_AndersHansson.calculator_AndersHansson.TestOfBasicOperations"/>
  <testcase name="testAdditionPositiveNumbers" time="0.007" classname="calculator_AndersHansson.calculator_AndersHansson.TestOfBasicOperations"/>
  <testcase name="testAdditionZerosNumbers" time="0.009" classname="calculator_AndersHansson.calculator_AndersHansson.TestOfBasicOperations"/>
  <testcase name="testSubtractionZerosNumbers" time="0.011" classname="calculator_AndersHansson.calculator_AndersHansson.TestOfBasicOperations"/>
  <testcase name="testMultiplicationNegativeNumbers" time="0.005" classname="calculator_AndersHansson.calculator_AndersHansson.TestOfBasicOperations"/>
  <testcase name="testAdditionNegativeNumbers" time="0.004" classname="calculator_AndersHansson.calculator_AndersHansson.TestOfBasicOperations"/>
  <testcase name="testDivisionNegativeNumbers" time="0.005" classname="calculator_AndersHansson.calculator_AndersHansson.TestOfBasicOperations"/>
  <testcase name="testSubtractionPositiveNumbers" time="0.004" classname="calculator_AndersHansson.calculator_AndersHansson.TestOfBasicOperations"/>
  <testcase name="testMultiplicationPositiveNumbers" time="0.005" classname="calculator_AndersHansson.calculator_AndersHansson.TestOfBasicOperations"/>
</testsuite> <!-- calculator_AndersHansson.calculator_AndersHansson.TestOfBasicOperations -->
