<?xml version="1.0" encoding="UTF-8"?>
<!-- Generated by org.testng.reporters.JUnitReportReporter -->
<testsuite hostname="Andha13" name="calculator_AndersHansson.calculator_AndersHansson.TestOfAdvancedOperations" tests="21" failures="0" timestamp="12 Dec 2018 13:52:53 GMT" time="0.266" errors="0">
  <testcase name="testModelusPositiveNumbers" time="0.015" classname="calculator_AndersHansson.calculator_AndersHansson.TestOfAdvancedOperations"/>
  <testcase name="testPowerNegativeNumbers" time="0.008" classname="calculator_AndersHansson.calculator_AndersHansson.TestOfAdvancedOperations"/>
  <testcase name="testTanZerosNumbers" time="0.010" classname="calculator_AndersHansson.calculator_AndersHansson.TestOfAdvancedOperations"/>
  <testcase name="testSinZerosNumbers" time="0.022" classname="calculator_AndersHansson.calculator_AndersHansson.TestOfAdvancedOperations"/>
  <testcase name="testSqurtNegativeNumbers" time="0.010" classname="calculator_AndersHansson.calculator_AndersHansson.TestOfAdvancedOperations"/>
  <testcase name="testPowerZerosNumbers" time="0.032" classname="calculator_AndersHansson.calculator_AndersHansson.TestOfAdvancedOperations"/>
  <testcase name="testCosNegativeNumbers" time="0.006" classname="calculator_AndersHansson.calculator_AndersHansson.TestOfAdvancedOperations"/>
  <testcase name="testInverseNegativeNumbers" time="0.044" classname="calculator_AndersHansson.calculator_AndersHansson.TestOfAdvancedOperations"/>
  <testcase name="testSqurtPositiveNumbers" time="0.018" classname="calculator_AndersHansson.calculator_AndersHansson.TestOfAdvancedOperations"/>
  <testcase name="testTanPositiveNumbers" time="0.006" classname="calculator_AndersHansson.calculator_AndersHansson.TestOfAdvancedOperations"/>
  <testcase name="testModelusZerosNumbers" time="0.013" classname="calculator_AndersHansson.calculator_AndersHansson.TestOfAdvancedOperations"/>
  <testcase name="testInverseZerosNumbers" time="0.006" classname="calculator_AndersHansson.calculator_AndersHansson.TestOfAdvancedOperations"/>
  <testcase name="testCosPositiveNumbers" time="0.007" classname="calculator_AndersHansson.calculator_AndersHansson.TestOfAdvancedOperations"/>
  <testcase name="testSqurtZerosNumbers" time="0.007" classname="calculator_AndersHansson.calculator_AndersHansson.TestOfAdvancedOperations"/>
  <testcase name="testSinNegativeNumbers" time="0.008" classname="calculator_AndersHansson.calculator_AndersHansson.TestOfAdvancedOperations"/>
  <testcase name="testTanNegativeNumbers" time="0.006" classname="calculator_AndersHansson.calculator_AndersHansson.TestOfAdvancedOperations"/>
  <testcase name="testPowerPositiveNumbers" time="0.009" classname="calculator_AndersHansson.calculator_AndersHansson.TestOfAdvancedOperations"/>
  <testcase name="testModelusNegativeNumbers" time="0.015" classname="calculator_AndersHansson.calculator_AndersHansson.TestOfAdvancedOperations"/>
  <testcase name="testSinPositiveNumbers" time="0.007" classname="calculator_AndersHansson.calculator_AndersHansson.TestOfAdvancedOperations"/>
  <testcase name="testInversePositiveNumbers" time="0.009" classname="calculator_AndersHansson.calculator_AndersHansson.TestOfAdvancedOperations"/>
  <testcase name="testCosZerosNumbers" time="0.008" classname="calculator_AndersHansson.calculator_AndersHansson.TestOfAdvancedOperations"/>
</testsuite> <!-- calculator_AndersHansson.calculator_AndersHansson.TestOfAdvancedOperations -->
